0.9475967776408909
-1.397438543268466
0.06647179577200985
-0.3865886065429982
1.5453558141147494
0.7212739420583979
-0.4694127487378007
0.576202708837237
0.3663301774981544
1.708188056526481
-0.07387011299613713
0.12418319936148707
-0.3448372899596844
0.3452783382376269
0.40102816590437074
-1.3401611479865048
1.0865527821021375
-0.6946550808731847
1.3049738933259807
1.9954752505974913
-0.9684773106511676
0.9826559329513528
0.8321119431621417
1.0677551055378751
-0.8398834930970267
-0.08829184965078266
-1.318233772922136
0.8430976638629838
0.536951430084467
0.8806026376370149
0.9186357338850466
0.1477082827954866
-0.24765013838151306
-1.828071541073349
-0.7081884777782615
0.3684124477987795
-0.04526523975896937
-0.4832645035789581
0.575606603932122
1.1739949910861327
1.45386127045246
-0.3652080648359911
-0.7786419065255976
-1.3248307584309045
-0.28628523532053346
0.474942714534875
0.5467810209075886
1.2549637978057966
-0.13410158940084177
-0.9996717985368282
0.125955143721179
1.6902118594491173
-0.3851792844623479
1.3860073029427609
1.3921395659636824
1.664125492949883
-0.9902833915942275
-0.1527719147563413
-0.2577203766710594
-0.5761573755105969
1.4142481868245147
0.5471263994021823
0.37972970494953906
0.7873316459368251
0.9186354832622071
-0.04139102339145695
0.015909974878395988
0.9395828280690449
1.5274362337798915
0.6071802570707573
-0.5062276414941473
-0.2962241019988304
0.4990041286262181
0.9341004565914399
1.0797278203866403
-1.1419672303009412
0.7338131973018954
-0.1370752768308596
-0.8222318128753688
-0.5339712921924407
0.5717465906592801
0.3959000612234159
0.24640161983408027
0.7232148802166533
0.3600660787290752
-1.3176641569696848
0.04774474899791023
0.5629287188300707
-1.0934584266836294
0.7301181106721171
0.4277925057050096
-0.8303292970567168
1.7349196848617172
0.10313052472509389
0.38390004140405354
1.1705928312695462
0.6386814112541078
1.3098691525144068
0.08545093487266661
1.3642079575913286
-0.6520050635477097
-0.15674626094517446
0.9866490951207656
1.111015567971921
-0.2521787264399252
0.12225264572859865
-0.4066258938891133
0.5348847559887832
0.0044694367525989
1.487723990802485
0.5942825803011939
1.2381165693693645
-0.9406449693547134
0.7873331909128198
0.5006713330412382
-0.6742971043997079
-0.6651615868706119
-0.4386441007162659
0.5837059990809612
0.2924982654542988
-1.1480066714274426
0.8450186405585947
-0.43718197244627216
-1.1971348738716834
-0.10550030200421529
-0.29205242702559125
0.0892770954897618
-0.43251137897937997
1.7106990512312201
-0.7551477749309387
-0.3944611711862819
0.45268372917531496
0.01092588662715055
1.5228873486721892
-1.5788011923217682
1.3375071283778934
-1.0298225618169217
1.0353870621994568
0.6034477167790185
0.8896205569324636
0.7069048872626639
0.42082037187126303
-0.4690610134793081
