0.3286148493319264
0.24640826336834937
-0.5742352320762186
0.42573820374296756
-0.08724305786119813
0.258707255679691
1.078527365878701
1.7487346352716802
0.06193811772949985
0.35900158302108787
0.9325780734952747
1.0986493804343183
1.2506490816588356
0.5313673398352798
-0.9661150576502178
1.4937394603047736
0.8008517316862966
-0.8917675309549152
0.423295766445568
0.16115191969790935
0.8385613952038473
1.3001092347928425
-0.018288081152403546
0.2772251579387067
-0.7649787319983923
1.1434998123788562
0.33547964015383247
0.17037475639627658
1.4333889515859286
-0.17472433999625506
1.0109063316353404
0.12963998334986843
0.06506619092332361
0.9028213698790972
1.2065953517434709
0.36288344903589675
0.3436498684480143
0.20692955144447828
0.8569749895656517
0.6066411264169524
-1.3354189681360413
0.4766226253058493
0.8450548171320862
0.6180880353045933
-0.45569940318956326
0.4705146730464942
0.6638692425421134
-0.31405685941273587
-0.018288081152403546
0.021625555893834345
0.044749190972685524
0.2830211037369564
0.40658624674210264
1.0673730671672763
0.9294609684753071
1.050331801069446
1.4246161993394346
1.7400190259437325
0.38337321799689605
1.1409502529820064
1.643497900794835
0.07448206882318581
-0.015101809550575301
0.9217643222766192
0.5375365978097937
0.5756081257169727
0.4806703179013862
0.6412634903511997
1.269672110159603
1.3833065701540856
-0.34075824339504235
1.0731183797310921
0.8450548171320862
0.29640260638180543
1.1842727417919614
0.4878053460089844
-0.6182968215298899
0.9595626109423603
1.5042125815678968
0.9140405054562588
1.2429128876994502
1.1535941837520678
0.37750409273402946
-0.08130388125271565
1.0424668632840066
0.9997661261413104
1.2621227784582858
1.429356679052449
0.7736788066933421
0.6674426425120352
-0.9661150576502178
0.26412244314887035
-0.6683130657118831
-0.32512973961132985
1.4639503187392267
1.2862978687331958
0.8678230002182092
0.8718810764103921
2.046261539988629
0.3054054154150577
0.8872422437707229
1.1358094554568487
0.023235644624739024
1.1845981256861242
0.8474409271854052
1.7364365591952013
-0.2557627973039083
-0.5269925411718933
0.3982140057010499
0.42678419451165805
0.41076009924328505
1.314910860819291
1.035627979503175
-0.1920180901745513
-0.3799863293815552
0.25175426260162526
1.0424668632840066
0.6409606833993522
0.9531688934773653
1.5100783766625823
0.4460746132312092
-0.9661150576502178
1.231478283645296
0.04776292164529533
0.6699297405906719
0.43633568057712646
-0.1554914350677722
0.8083904027002272
0.26214791884884103
-0.15142828611557166
1.4492958446872355
1.2436958472163027
0.5441004311019195
0.9774203635780636
0.850590071862064
0.977091740332933
0.314903570101262
0.8631434629514263
0.7980927097543496
-0.49050649916908673
0.5526249798570549
0.9762987518842695
0.7026581290718448
0.24996659805072685
1.0623672187280537
1.8978578941187068
-0.620026293181305
0.4715937305576802
0.0029609154139128057
0.19165311420793057
0.10723342023587121
1.1991779855333964
-0.9661150576502178
0.9740870034931715
0.9997661261413104
1.1857722361632528
0.6280177146553181
0.8083904027002272
0.5188782489581911
-0.11105881464153601
0.10939313280159324
-0.504413303985356
1.0809919557110605
0.29814298862142774
0.14207029912949798
1.0910858944283193
0.9043064190413157
0.9706615831249819
-0.10626726545236037
0.27233402684751407
0.5146305641423962
0.7568403984658634
-0.02946254081833619
0.6961297459171732
1.6279259514560547
1.065114594225015
0.6914051524536147
0.9880376553252259
-0.19528099690744888
1.1325812767577788
-0.1923838661331157
-0.727694538212564
0.6981962572778541
0.7383770079329159
1.10060188160079
-0.063403450092675
1.2432344536558777
-0.19010215508709882
0.42325988943475046
1.258705623853102
0.9313098910831268
1.3457742778915303
1.0140016729342127
0.5997813364570792
1.125018438941511
1.1136008594087916
0.9186145632178879
0.20785757008357134
1.4333889515859286
1.024610665098626
0.7654746224822071
0.25993701356315685
0.7130682446363739
0.7484109312501387
0.9774633625041298
0.9997661261413104
0.07448206882318581
0.9065178270744744
0.8552745880458901
-0.9124962374342381
